0	1	mBPic.exe -DBG -pP18F4550 -MSF -Y -DL -O11111104 -fo48 -N"C:\Documents and Settings\zlatanxp\Skrivbord\tetrixPic\tetrix.mbppi" -SP"C:\Program\Mikroelektronika\mikroBasic PRO for PIC\defs\" -SP"C:\Program\Mikroelektronika\mikroBasic PRO for PIC\uses\P18\" -SP"C:\Documents and Settings\zlatanxp\Skrivbord\tetrixPic\" -SP"F:\Tetrix\tetrixPic\" -SP"X:\tetrix\" "__Lib_Math.mcl" "__Lib_MathDouble.mcl" "__Lib_System.mcl" "__Lib_Delays.mcl" "__Lib_CType.mcl" "__Lib_String.mcl" "__Lib_Conversions.mcl" "__Lib_Time.mcl" "__Lib_Trigon.mcl" "__Lib_Trigonometry.mcl" "__Lib_Button.mcl" "__Lib_Keypad4x4.mcl" "__Lib_Manchester.mcl" "__Lib_OneWire.mcl" "__Lib_PS2.mcl" "__Lib_Sound.mcl" "__Lib_SoftI2C.mcl" "__Lib_SoftSPI.mcl" "__Lib_SoftUART.mcl" "__Lib_ADC_A_D.mcl" "__Lib_EEPROM_256.mcl" "__Lib_FLASH_w32_e64.mcl" "__Lib_I2C_b10.mcl" "__Lib_PWM_c21.mcl" "__Lib_SPI_b10c7.mcl" "__Lib_UART_c67.mcl" "__Lib_USB_genHID.mcl" "__Lib_PortExpander.mcl" "__Lib_CANSPI.mcl" "__Lib_CF.mcl" "__Lib_CFFat16.mcl" "__Lib_GlcdFonts.mcl" "__Lib_Glcd.mcl" "__Lib_LcdConsts.mcl" "__Lib_Lcd.mcl" "__Lib_Mmc.mcl" "__Lib_MmcFat16.mcl" "__Lib_RS485.mcl" "__Lib_S1D13700.mcl" "__Lib_T6963C.mcl" "__Lib_SPIGlcd.mcl" "__Lib_SPILcd.mcl" "__Lib_SPILcd8.mcl" "__Lib_SPIT6963C.mcl" "__Lib_EthEnc28j60.mcl" "__Lib_TFT.mcl" "__Lib_TouchPanel_TFT.mcl" "__Lib_EthEnc24j600.mcl" "__Lib_TouchPanel.mcl" "tetrix.mbas" "USBdsc.mbas"	 
warning: 0	1501	Specified search path does not exist: 'X:\tetrix'	 
diagnostics: 0	155	Available RAM: 2027 [bytes], Available ROM: 32768 [bytes]	 
diagnostics: 0	133	Compilation Started	C:\Documents and Settings\zlatanxp\Skrivbord\tetrixPic\tetrix.mbas
hint: 1	1015	Hint: Compiling unit "C:\Documents and Settings\zlatanxp\Skrivbord\tetrixPic\tetrix.mbas"	tetrix.mbas
hint: 27	1021	Hint: interrupt handler (Interrupt at 0x0008)	tetrix.mbas
hint: 50	1016	Warning: Source size (33) does not match destination size (16)	tetrix.mbas
hint: 51	1016	Warning: Source size (33) does not match destination size (16)	tetrix.mbas
hint: 211	1006	Warning: Generated baud rate is 115385 bps (error = 0.16 percent)	tetrix.mbas
hint: 197	1001	Hint: Variable "speed" has been declared, but not used	tetrix.mbas
hint: 197	1001	Hint: Variable "angle" has been declared, but not used	tetrix.mbas
hint: 199	1001	Hint: Variable "answ" has been declared, but not used	tetrix.mbas
hint: 197	1011	Hint: Variable "speed" has been eliminated by optimizer	tetrix.mbas
hint: 197	1011	Hint: Variable "angle" has been eliminated by optimizer	tetrix.mbas
hint: 199	1011	Hint: Variable "answ" has been eliminated by optimizer	tetrix.mbas
hint: 57	1011	Hint: Variable "sigLeft" has been eliminated by optimizer	tetrix.mbas
hint: 236	1010	Hint: Unit "tetrix.mbas" has been recompiled	tetrix.mbas
diagnostics: 0	134	Compiled Successfully	C:\Documents and Settings\zlatanxp\Skrivbord\tetrixPic\tetrix.mbas
diagnostics: 0	139	All files Compiled in 187 ms	 
hint: 0	1144	Used RAM (bytes): 957 (47%)  Free RAM (bytes): 1070 (53%)	Used RAM (bytes): 957 (47%)  Free RAM (bytes): 1070 (53%)
hint: 0	1144	Used ROM (bytes): 12293 (38%)  Free ROM (bytes): 20475 (62%)	Used ROM (bytes): 12293 (38%)  Free ROM (bytes): 20475 (62%)
diagnostics: 0	145	Project Linked Successfully	tetrix.mbppi
diagnostics: 0	140	Linked in 1094 ms	 
diagnostics: 0	141	Project 'tetrix.mbppi' completed: 1531 ms	 
diagnostics: 0	103	Finished successfully: 08 okt 2013, 21:27:28	tetrix.mbppi
